Build started 7/25/2017 2:46:29 PM.
     1>Project "D:\code\cPlusExercise\AllCplusExercises\OSGCopyOP\OSGCopyOP.vcxproj" on node 2 (Build target(s)).
     1>ClCompile:
         C:\Program Files (x86)\Microsoft Visual Studio 11.0\VC\bin\CL.exe /c /ZI /nologo /W3 /WX- /Od /Oy- /D WIN32 /D _DEBUG /D _CONSOLE /D _UNICODE /D UNICODE /Gm /EHsc /RTC1 /MDd /GS /fp:precise /Zc:wchar_t /Zc:forScope /Fo"Debug\\" /Fd"Debug\vc110.pdb" /Gd /TP /analyze- /errorReport:prompt CopyOP.cpp Node.cpp Object.cpp main.cpp
         CopyOP.cpp
         Generating Code...
         Compiling...
         main.cpp
         Object.cpp
         Node.cpp
         Generating Code...
       Link:
         C:\Program Files (x86)\Microsoft Visual Studio 11.0\VC\bin\link.exe /ERRORREPORT:PROMPT /OUT:"D:\code\cPlusExercise\AllCplusExercises\Debug\OSGCopyOP.exe" /INCREMENTAL /NOLOGO kernel32.lib user32.lib gdi32.lib winspool.lib comdlg32.lib advapi32.lib shell32.lib ole32.lib oleaut32.lib uuid.lib odbc32.lib odbccp32.lib /MANIFEST /MANIFESTUAC:"level='asInvoker' uiAccess='false'" /manifest:embed /DEBUG /PDB:"D:\code\cPlusExercise\AllCplusExercises\Debug\OSGCopyOP.pdb" /SUBSYSTEM:CONSOLE /TLBID:1 /DYNAMICBASE /NXCOMPAT /IMPLIB:"D:\code\cPlusExercise\AllCplusExercises\Debug\OSGCopyOP.lib" /MACHINE:X86 Debug\CopyOP.obj
         Debug\main.obj
         Debug\Node.obj
         Debug\Object.obj
         Debug\OSGreference.obj
         OSGCopyOP.vcxproj -> D:\code\cPlusExercise\AllCplusExercises\Debug\OSGCopyOP.exe
     1>Done Building Project "D:\code\cPlusExercise\AllCplusExercises\OSGCopyOP\OSGCopyOP.vcxproj" (Build target(s)).

Build succeeded.

Time Elapsed 00:00:03.30
